{"D:\\express-js-structure-es6\\app.js": {"path":"D:\\express-js-structure-es6\\app.js","statementMap":{"0":{"start":{"line":13,"column":12},"end":{"line":13,"column":21}},"1":{"start":{"line":14,"column":0},"end":{"line":14,"column":26}},"2":{"start":{"line":15,"column":0},"end":{"line":15,"column":28}},"3":{"start":{"line":16,"column":0},"end":{"line":16,"column":16}},"4":{"start":{"line":17,"column":0},"end":{"line":17,"column":18}},"5":{"start":{"line":18,"column":0},"end":{"line":18,"column":48}},"6":{"start":{"line":19,"column":0},"end":{"line":19,"column":24}},"7":{"start":{"line":24,"column":0},"end":{"line":45,"column":3}},"8":{"start":{"line":25,"column":2},"end":{"line":44,"column":3}},"9":{"start":{"line":26,"column":22},"end":{"line":26,"column":39}},"10":{"start":{"line":27,"column":22},"end":{"line":27,"column":60}},"11":{"start":{"line":28,"column":16},"end":{"line":28,"column":44}},"12":{"start":{"line":29,"column":21},"end":{"line":29,"column":42}},"13":{"start":{"line":30,"column":4},"end":{"line":32,"column":7}},"14":{"start":{"line":31,"column":6},"end":{"line":31,"column":84}},"15":{"start":{"line":34,"column":4},"end":{"line":41,"column":7}},"16":{"start":{"line":43,"column":4},"end":{"line":43,"column":115}},"17":{"start":{"line":48,"column":0},"end":{"line":48,"column":26}},"18":{"start":{"line":51,"column":0},"end":{"line":56,"column":3}},"19":{"start":{"line":52,"column":13},"end":{"line":52,"column":43}},"20":{"start":{"line":53,"column":2},"end":{"line":55,"column":5}},"21":{"start":{"line":58,"column":0},"end":{"line":66,"column":3}},"22":{"start":{"line":59,"column":2},"end":{"line":61,"column":3}},"23":{"start":{"line":60,"column":4},"end":{"line":60,"column":21}},"24":{"start":{"line":62,"column":2},"end":{"line":62,"column":27}},"25":{"start":{"line":63,"column":2},"end":{"line":65,"column":5}}},"fnMap":{"0":{"name":"(anonymous_0)","decl":{"start":{"line":24,"column":13},"end":{"line":24,"column":14}},"loc":{"start":{"line":24,"column":33},"end":{"line":45,"column":1}},"line":24},"1":{"name":"(anonymous_1)","decl":{"start":{"line":30,"column":34},"end":{"line":30,"column":35}},"loc":{"start":{"line":30,"column":43},"end":{"line":32,"column":5}},"line":30},"2":{"name":"(anonymous_2)","decl":{"start":{"line":51,"column":13},"end":{"line":51,"column":14}},"loc":{"start":{"line":51,"column":33},"end":{"line":56,"column":1}},"line":51},"3":{"name":"(anonymous_3)","decl":{"start":{"line":58,"column":8},"end":{"line":58,"column":9}},"loc":{"start":{"line":58,"column":33},"end":{"line":66,"column":1}},"line":58}},"branchMap":{"0":{"loc":{"start":{"line":27,"column":22},"end":{"line":27,"column":60}},"type":"binary-expr","locations":[{"start":{"line":27,"column":22},"end":{"line":27,"column":52}},{"start":{"line":27,"column":56},"end":{"line":27,"column":60}}],"line":27},"1":{"loc":{"start":{"line":28,"column":16},"end":{"line":28,"column":44}},"type":"binary-expr","locations":[{"start":{"line":28,"column":16},"end":{"line":28,"column":36}},{"start":{"line":28,"column":40},"end":{"line":28,"column":44}}],"line":28},"2":{"loc":{"start":{"line":59,"column":2},"end":{"line":61,"column":3}},"type":"if","locations":[{"start":{"line":59,"column":2},"end":{"line":61,"column":3}},{"start":{},"end":{}}],"line":59},"3":{"loc":{"start":{"line":63,"column":13},"end":{"line":63,"column":30}},"type":"binary-expr","locations":[{"start":{"line":63,"column":13},"end":{"line":63,"column":23}},{"start":{"line":63,"column":27},"end":{"line":63,"column":30}}],"line":63},"4":{"loc":{"start":{"line":64,"column":38},"end":{"line":64,"column":55}},"type":"binary-expr","locations":[{"start":{"line":64,"column":38},"end":{"line":64,"column":48}},{"start":{"line":64,"column":52},"end":{"line":64,"column":55}}],"line":64},"5":{"loc":{"start":{"line":64,"column":66},"end":{"line":64,"column":112}},"type":"binary-expr","locations":[{"start":{"line":64,"column":66},"end":{"line":64,"column":76}},{"start":{"line":64,"column":80},"end":{"line":64,"column":112}}],"line":64}},"s":{"0":1,"1":1,"2":1,"3":1,"4":1,"5":1,"6":1,"7":1,"8":0,"9":0,"10":0,"11":0,"12":0,"13":0,"14":0,"15":0,"16":0,"17":1,"18":1,"19":0,"20":0,"21":1,"22":0,"23":0,"24":0,"25":0},"f":{"0":0,"1":0,"2":0,"3":0},"b":{"0":[0,0],"1":[0,0],"2":[0,0],"3":[0,0],"4":[0,0],"5":[0,0]},"_coverageSchema":"1a1c01bbd47fc00a2c39e90264f33305004495a9","hash":"98303f6b9b3861fa743e2757f1e7d55195304c88"}
,"D:\\express-js-structure-es6\\loadEnv.js": {"path":"D:\\express-js-structure-es6\\loadEnv.js","statementMap":{"0":{"start":{"line":3,"column":0},"end":{"line":3,"column":56}}},"fnMap":{},"branchMap":{},"s":{"0":1},"f":{},"b":{},"_coverageSchema":"1a1c01bbd47fc00a2c39e90264f33305004495a9","hash":"1127c31b38ae532976e791ddfbd3215c197483f6"}
,"D:\\express-js-structure-es6\\src\\controllers\\userController.js": {"path":"D:\\express-js-structure-es6\\src\\controllers\\userController.js","statementMap":{"0":{"start":{"line":6,"column":24},"end":{"line":13,"column":1}},"1":{"start":{"line":7,"column":4},"end":{"line":12,"column":5}},"2":{"start":{"line":8,"column":25},"end":{"line":8,"column":53}},"3":{"start":{"line":9,"column":8},"end":{"line":9,"column":96}},"4":{"start":{"line":11,"column":8},"end":{"line":11,"column":27}},"5":{"start":{"line":16,"column":24},"end":{"line":23,"column":1}},"6":{"start":{"line":17,"column":4},"end":{"line":22,"column":5}},"7":{"start":{"line":18,"column":8},"end":{"line":18,"column":47}},"8":{"start":{"line":19,"column":8},"end":{"line":19,"column":80}},"9":{"start":{"line":21,"column":8},"end":{"line":21,"column":27}}},"fnMap":{"0":{"name":"(anonymous_0)","decl":{"start":{"line":6,"column":24},"end":{"line":6,"column":25}},"loc":{"start":{"line":6,"column":50},"end":{"line":13,"column":1}},"line":6},"1":{"name":"(anonymous_1)","decl":{"start":{"line":16,"column":24},"end":{"line":16,"column":25}},"loc":{"start":{"line":16,"column":50},"end":{"line":23,"column":1}},"line":16}},"branchMap":{},"s":{"0":1,"1":1,"2":1,"3":0,"4":0,"5":1,"6":1,"7":1,"8":0,"9":0},"f":{"0":1,"1":1},"b":{},"_coverageSchema":"1a1c01bbd47fc00a2c39e90264f33305004495a9","hash":"f142164070946370ef49c3c414d150cc03c2eeb2"}
,"D:\\express-js-structure-es6\\src\\dataValidation\\userDataValidation.js": {"path":"D:\\express-js-structure-es6\\src\\dataValidation\\userDataValidation.js","statementMap":{"0":{"start":{"line":5,"column":30},"end":{"line":12,"column":1}},"1":{"start":{"line":6,"column":19},"end":{"line":9,"column":6}},"2":{"start":{"line":10,"column":19},"end":{"line":10,"column":45}},"3":{"start":{"line":11,"column":4},"end":{"line":11,"column":122}},"4":{"start":{"line":14,"column":27},"end":{"line":23,"column":1}},"5":{"start":{"line":15,"column":19},"end":{"line":20,"column":6}},"6":{"start":{"line":21,"column":19},"end":{"line":21,"column":44}},"7":{"start":{"line":22,"column":4},"end":{"line":22,"column":122}}},"fnMap":{"0":{"name":"(anonymous_0)","decl":{"start":{"line":5,"column":30},"end":{"line":5,"column":31}},"loc":{"start":{"line":5,"column":50},"end":{"line":12,"column":1}},"line":5},"1":{"name":"(anonymous_1)","decl":{"start":{"line":14,"column":27},"end":{"line":14,"column":28}},"loc":{"start":{"line":14,"column":47},"end":{"line":23,"column":1}},"line":14}},"branchMap":{"0":{"loc":{"start":{"line":11,"column":11},"end":{"line":11,"column":121}},"type":"cond-expr","locations":[{"start":{"line":11,"column":28},"end":{"line":11,"column":112}},{"start":{"line":11,"column":115},"end":{"line":11,"column":121}}],"line":11},"1":{"loc":{"start":{"line":22,"column":11},"end":{"line":22,"column":121}},"type":"cond-expr","locations":[{"start":{"line":22,"column":28},"end":{"line":22,"column":112}},{"start":{"line":22,"column":115},"end":{"line":22,"column":121}}],"line":22}},"s":{"0":1,"1":0,"2":0,"3":0,"4":1,"5":1,"6":1,"7":1},"f":{"0":0,"1":1},"b":{"0":[0,0],"1":[0,1]},"_coverageSchema":"1a1c01bbd47fc00a2c39e90264f33305004495a9","hash":"74f6b4306f1405ef1aadcf17bcfe58fb9da79ead"}
,"D:\\express-js-structure-es6\\src\\models\\UserDataModel.js": {"path":"D:\\express-js-structure-es6\\src\\models\\UserDataModel.js","statementMap":{"0":{"start":{"line":3,"column":19},"end":{"line":3,"column":27}},"1":{"start":{"line":5,"column":22},"end":{"line":12,"column":2}}},"fnMap":{},"branchMap":{},"s":{"0":1,"1":1},"f":{},"b":{},"_coverageSchema":"1a1c01bbd47fc00a2c39e90264f33305004495a9","hash":"c038c3dd29e4e1b2371a495aaf92a05f0fd7a2dc"}
,"D:\\express-js-structure-es6\\src\\routes\\indexRoutes.js": {"path":"D:\\express-js-structure-es6\\src\\routes\\indexRoutes.js","statementMap":{"0":{"start":{"line":5,"column":15},"end":{"line":5,"column":23}},"1":{"start":{"line":8,"column":0},"end":{"line":8,"column":31}}},"fnMap":{},"branchMap":{},"s":{"0":1,"1":1},"f":{},"b":{},"_coverageSchema":"1a1c01bbd47fc00a2c39e90264f33305004495a9","hash":"2eef951eae1f038f20aeae74856df02cc5f72cf9"}
,"D:\\express-js-structure-es6\\src\\routes\\userRoute.js": {"path":"D:\\express-js-structure-es6\\src\\routes\\userRoute.js","statementMap":{"0":{"start":{"line":6,"column":15},"end":{"line":6,"column":23}},"1":{"start":{"line":10,"column":0},"end":{"line":10,"column":53}},"2":{"start":{"line":11,"column":0},"end":{"line":11,"column":81}}},"fnMap":{},"branchMap":{},"s":{"0":1,"1":1,"2":1},"f":{},"b":{},"_coverageSchema":"1a1c01bbd47fc00a2c39e90264f33305004495a9","hash":"830f265fa45967c10e3982c9c2e8bbb1a7c777c0"}
,"D:\\express-js-structure-es6\\src\\services\\userService.js": {"path":"D:\\express-js-structure-es6\\src\\services\\userService.js","statementMap":{"0":{"start":{"line":6,"column":26},"end":{"line":10,"column":1}},"1":{"start":{"line":7,"column":17},"end":{"line":7,"column":38}},"2":{"start":{"line":8,"column":25},"end":{"line":8,"column":42}},"3":{"start":{"line":9,"column":4},"end":{"line":9,"column":24}},"4":{"start":{"line":12,"column":24},"end":{"line":15,"column":1}},"5":{"start":{"line":13,"column":21},"end":{"line":13,"column":47}},"6":{"start":{"line":14,"column":4},"end":{"line":14,"column":20}}},"fnMap":{"0":{"name":"(anonymous_0)","decl":{"start":{"line":6,"column":26},"end":{"line":6,"column":27}},"loc":{"start":{"line":6,"column":40},"end":{"line":10,"column":1}},"line":6},"1":{"name":"(anonymous_1)","decl":{"start":{"line":12,"column":24},"end":{"line":12,"column":25}},"loc":{"start":{"line":12,"column":36},"end":{"line":15,"column":1}},"line":12}},"branchMap":{},"s":{"0":1,"1":1,"2":1,"3":0,"4":1,"5":1,"6":0},"f":{"0":1,"1":1},"b":{},"_coverageSchema":"1a1c01bbd47fc00a2c39e90264f33305004495a9","hash":"43ec73ece3d7d35a060eb2d54955c9edbcf288fa"}
,"D:\\express-js-structure-es6\\src\\utils\\common\\commonValidation.js": {"path":"D:\\express-js-structure-es6\\src\\utils\\common\\commonValidation.js","statementMap":{"0":{"start":{"line":2,"column":27},"end":{"line":5,"column":1}},"1":{"start":{"line":3,"column":4},"end":{"line":3,"column":24}},"2":{"start":{"line":3,"column":12},"end":{"line":3,"column":24}},"3":{"start":{"line":4,"column":4},"end":{"line":4,"column":35}},"4":{"start":{"line":8,"column":25},"end":{"line":11,"column":1}},"5":{"start":{"line":9,"column":4},"end":{"line":9,"column":31}},"6":{"start":{"line":9,"column":16},"end":{"line":9,"column":29}},"7":{"start":{"line":10,"column":4},"end":{"line":10,"column":56}},"8":{"start":{"line":10,"column":42},"end":{"line":10,"column":54}},"9":{"start":{"line":10,"column":57},"end":{"line":10,"column":70}}},"fnMap":{"0":{"name":"(anonymous_0)","decl":{"start":{"line":2,"column":27},"end":{"line":2,"column":28}},"loc":{"start":{"line":2,"column":34},"end":{"line":5,"column":1}},"line":2},"1":{"name":"(anonymous_1)","decl":{"start":{"line":8,"column":25},"end":{"line":8,"column":26}},"loc":{"start":{"line":8,"column":34},"end":{"line":11,"column":1}},"line":8}},"branchMap":{"0":{"loc":{"start":{"line":3,"column":4},"end":{"line":3,"column":24}},"type":"if","locations":[{"start":{"line":3,"column":4},"end":{"line":3,"column":24}},{"start":{},"end":{}}],"line":3},"1":{"loc":{"start":{"line":9,"column":4},"end":{"line":9,"column":31}},"type":"if","locations":[{"start":{"line":9,"column":4},"end":{"line":9,"column":31}},{"start":{},"end":{}}],"line":9},"2":{"loc":{"start":{"line":10,"column":4},"end":{"line":10,"column":56}},"type":"if","locations":[{"start":{"line":10,"column":4},"end":{"line":10,"column":56}},{"start":{},"end":{}}],"line":10}},"s":{"0":1,"1":1,"2":0,"3":1,"4":1,"5":2,"6":0,"7":2,"8":1,"9":1},"f":{"0":1,"1":2},"b":{"0":[0,1],"1":[0,2],"2":[1,1]},"_coverageSchema":"1a1c01bbd47fc00a2c39e90264f33305004495a9","hash":"25a8e67d23084c23fe67b81bedeb8a1a9881cf7e"}
,"D:\\express-js-structure-es6\\src\\utils\\common\\makeResponse.js": {"path":"D:\\express-js-structure-es6\\src\\utils\\common\\makeResponse.js","statementMap":{"0":{"start":{"line":2,"column":31},"end":{"line":4,"column":2}},"1":{"start":{"line":2,"column":50},"end":{"line":4,"column":1}},"2":{"start":{"line":7,"column":27},"end":{"line":9,"column":2}},"3":{"start":{"line":7,"column":50},"end":{"line":9,"column":1}},"4":{"start":{"line":12,"column":36},"end":{"line":12,"column":101}},"5":{"start":{"line":12,"column":46},"end":{"line":12,"column":100}},"6":{"start":{"line":15,"column":33},"end":{"line":15,"column":98}},"7":{"start":{"line":15,"column":43},"end":{"line":15,"column":97}}},"fnMap":{"0":{"name":"(anonymous_0)","decl":{"start":{"line":2,"column":31},"end":{"line":2,"column":32}},"loc":{"start":{"line":2,"column":50},"end":{"line":4,"column":1}},"line":2},"1":{"name":"(anonymous_1)","decl":{"start":{"line":7,"column":27},"end":{"line":7,"column":28}},"loc":{"start":{"line":7,"column":50},"end":{"line":9,"column":1}},"line":7},"2":{"name":"(anonymous_2)","decl":{"start":{"line":12,"column":36},"end":{"line":12,"column":37}},"loc":{"start":{"line":12,"column":46},"end":{"line":12,"column":100}},"line":12},"3":{"name":"(anonymous_3)","decl":{"start":{"line":15,"column":33},"end":{"line":15,"column":34}},"loc":{"start":{"line":15,"column":43},"end":{"line":15,"column":97}},"line":15}},"branchMap":{"0":{"loc":{"start":{"line":2,"column":37},"end":{"line":2,"column":44}},"type":"default-arg","locations":[{"start":{"line":2,"column":42},"end":{"line":2,"column":44}}],"line":2},"1":{"loc":{"start":{"line":7,"column":33},"end":{"line":7,"column":44}},"type":"default-arg","locations":[{"start":{"line":7,"column":42},"end":{"line":7,"column":44}}],"line":7}},"s":{"0":1,"1":0,"2":1,"3":0,"4":1,"5":0,"6":1,"7":0},"f":{"0":0,"1":0,"2":0,"3":0},"b":{"0":[0],"1":[0]},"_coverageSchema":"1a1c01bbd47fc00a2c39e90264f33305004495a9","hash":"a4ba35dd4ed4c0d7d5cd6b4515b58dc536d307f4"}
}
